<?xml version="1.0" encoding="UTF-8" ?>
<testsuite tests="4" failures="0" name="com.mycompany.student.StudentAnalyzerTest" time="0" errors="0" skipped="0">
  <properties>
[...]
</properties>
  <testcase classname="com.mycompany.student.StudentAnalyzerTest" name="com.mycompany.student.StudentAnalyzerTest.testCountExcellentStudents_NormalCase" time="0"/>
  <testcase classname="com.mycompany.student.StudentAnalyzerTest" name="com.mycompany.student.StudentAnalyzerTest.testCountExcellentStudents_EmptyList" time="0"/>
  <testcase classname="com.mycompany.student.StudentAnalyzerTest" name="com.mycompany.student.StudentAnalyzerTest.testCalculateValidAverage_EmptyList" time="0"/>
  <testcase classname="com.mycompany.student.StudentAnalyzerTest" name="com.mycompany.student.StudentAnalyzerTest.testCalculateValidAverage_NormalCase" time="0"/>
</testsuite>