<?xml version="1.0" encoding="UTF-8"?>
<testsuite xmlns:xsi="http://www.w3.org/2001/XMLSchema-instance" xsi:noNamespaceSchemaLocation="https://maven.apache.org/surefire/maven-surefire-plugin/xsd/surefire-test-report-3.0.xsd" version="3.0" name="com.mycompany.student.StudentAnalyzerTest" time="0.098" tests="9" errors="0" skipped="0" failures="0">
  <properties>
[...]
</properties>
  <testcase name="testCalculateValidAverage_AllInvalid" classname="com.mycompany.student.StudentAnalyzerTest" time="0.057"/>
  <testcase name="testCountScoresInExcellentRange_NormalCase" classname="com.mycompany.student.StudentAnalyzerTest" time="0.001"/>
  <testcase name="testCountScoresInExcellentRange_AllInvalid" classname="com.mycompany.student.StudentAnalyzerTest" time="0.0"/>
  <testcase name="testCalculateValidAverage_EmptyList" classname="com.mycompany.student.StudentAnalyzerTest" time="0.001"/>
  <testcase name="testCalculateValidAverage_NullList" classname="com.mycompany.student.StudentAnalyzerTest" time="0.0"/>
  <testcase name="testCountScoresInExcellentRange_NullList" classname="com.mycompany.student.StudentAnalyzerTest" time="0.0"/>
  <testcase name="testCalculateValidAverage_OnlyOneValid" classname="com.mycompany.student.StudentAnalyzerTest" time="0.001"/>
  <testcase name="testCountScoresInExcellentRange_EmptyList" classname="com.mycompany.student.StudentAnalyzerTest" time="0.001"/>
  <testcase name="testCalculateValidAverage_NormalCase" classname="com.mycompany.student.StudentAnalyzerTest" time="0.001"/>
</testsuite>